0 info it worked if it ends with ok
1 verbose cli [ '/usr/local/bin/node',
1 verbose cli   '/usr/local/bin/npm',
1 verbose cli   'run',
1 verbose cli   'build-dist' ]
2 info using npm@3.7.3
3 info using node@v5.9.1
4 verbose run-script [ 'prebuild-dist', 'build-dist', 'postbuild-dist' ]
5 info lifecycle hangman@0.0.1~prebuild-dist: hangman@0.0.1
6 silly lifecycle hangman@0.0.1~prebuild-dist: no script for prebuild-dist, continuing
7 info lifecycle hangman@0.0.1~build-dist: hangman@0.0.1
8 verbose lifecycle hangman@0.0.1~build-dist: unsafe-perm in lifecycle true
9 verbose lifecycle hangman@0.0.1~build-dist: PATH: /usr/local/lib/node_modules/npm/bin/node-gyp-bin:/Users/scott/Documents/Dev/Node/hangman/node_modules/.bin:/usr/local/bin:/Users/scott/.rbenv/shims:/Users/scott/.sdkman/candidates/springboot/current/bin:/usr/local/lib/dnx/runtimes/dnx-coreclr-darwin-x64.1.0.0-rc1-update1/bin:/Users/scott/.dnx/bin:/Library/Frameworks/Python.framework/Versions/3.5/bin:/opt/local/bin:/opt/local/sbin:/Users/scott/Downloads/otto:/usr/local/go//bin:/usr/local/bin:/usr/bin:/bin:/usr/sbin:/sbin:/usr/local/go/bin
10 verbose lifecycle hangman@0.0.1~build-dist: CWD: /Users/scott/Documents/Dev/Node/hangman
11 silly lifecycle hangman@0.0.1~build-dist: Args: [ '-c', 'gulp client.build:dist' ]
12 silly lifecycle hangman@0.0.1~build-dist: Returned: code: 1  signal: null
13 info lifecycle hangman@0.0.1~build-dist: Failed to exec build-dist script
14 verbose stack Error: hangman@0.0.1 build-dist: `gulp client.build:dist`
14 verbose stack Exit status 1
14 verbose stack     at EventEmitter.<anonymous> (/usr/local/lib/node_modules/npm/lib/utils/lifecycle.js:239:16)
14 verbose stack     at emitTwo (events.js:100:13)
14 verbose stack     at EventEmitter.emit (events.js:185:7)
14 verbose stack     at ChildProcess.<anonymous> (/usr/local/lib/node_modules/npm/lib/utils/spawn.js:24:14)
14 verbose stack     at emitTwo (events.js:100:13)
14 verbose stack     at ChildProcess.emit (events.js:185:7)
14 verbose stack     at maybeClose (internal/child_process.js:850:16)
14 verbose stack     at Process.ChildProcess._handle.onexit (internal/child_process.js:215:5)
15 verbose pkgid hangman@0.0.1
16 verbose cwd /Users/scott/Documents/Dev/Node/hangman
17 error Darwin 15.3.0
18 error argv "/usr/local/bin/node" "/usr/local/bin/npm" "run" "build-dist"
19 error node v5.9.1
20 error npm  v3.7.3
21 error code ELIFECYCLE
22 error hangman@0.0.1 build-dist: `gulp client.build:dist`
22 error Exit status 1
23 error Failed at the hangman@0.0.1 build-dist script 'gulp client.build:dist'.
23 error Make sure you have the latest version of node.js and npm installed.
23 error If you do, this is most likely a problem with the hangman package,
23 error not with npm itself.
23 error Tell the author that this fails on your system:
23 error     gulp client.build:dist
23 error You can get information on how to open an issue for this project with:
23 error     npm bugs hangman
23 error Or if that isn't available, you can get their info via:
23 error     npm owner ls hangman
23 error There is likely additional logging output above.
24 verbose exit [ 1, true ]
